2018-07-31 09:36:50,389 - log/2018-07-31_train.log - INFO - X3_outputs: (28, 1, 256)
2018-07-31 09:48:02,820 - log/2018-07-31_train.log - INFO - step 4000, training accuracy 0.959999978542, loss 0.0925421714783
2018-07-31 09:51:38,291 - log/2018-07-31_train.log - INFO - step 4000, training accuracy 0.98, loss 0.0866
2018-07-31 09:52:13,731 - log/2018-07-31_train.log - INFO - step 4100, training accuracy 0.94, loss 0.1406
2018-07-31 09:55:06,656 - log/2018-07-31_train.log - INFO - step 4000, training accuracy 0.98, loss 0.0531
2018-07-31 09:55:26,146 - log/2018-07-31_train.log - INFO - data_dir: MNIST_data
2018-07-31 09:56:34,980 - log/2018-07-31_train.log - INFO - data_dir: MNIST_data
2018-07-31 09:56:34,980 - log/2018-07-31_train.log - INFO - test image shape: (10000, 784)
2018-07-31 09:56:34,980 - log/2018-07-31_train.log - INFO - test labels shape: (10000, 10)
2018-07-31 09:56:34,981 - log/2018-07-31_train.log - INFO - train image shape: (55000, 784)
2018-07-31 09:56:34,981 - log/2018-07-31_train.log - INFO - train labels shape: (55000, 10)
2018-07-31 09:56:35,464 - log/2018-07-31_train.log - INFO - step 4000, training accuracy 1, loss 0.0305
2018-07-31 10:11:55,483 - log/2018-07-31_train.log - INFO - data_dir: MNIST_data
2018-07-31 10:11:55,485 - log/2018-07-31_train.log - INFO - test image shape: (10000, 784)
2018-07-31 10:11:55,485 - log/2018-07-31_train.log - INFO - test labels shape: (10000, 10)
2018-07-31 10:11:55,485 - log/2018-07-31_train.log - INFO - train image shape: (55000, 784)
2018-07-31 10:11:55,485 - log/2018-07-31_train.log - INFO - train labels shape: (55000, 10)
2018-07-31 10:11:55,485 - log/2018-07-31_train.log - INFO - loading pre-trained model from model/points-4000.ckpt....
2018-07-31 10:12:25,243 - log/2018-07-31_train.log - INFO - data_dir: MNIST_data
2018-07-31 10:12:25,243 - log/2018-07-31_train.log - INFO - test image shape: (10000, 784)
2018-07-31 10:12:25,243 - log/2018-07-31_train.log - INFO - test labels shape: (10000, 10)
2018-07-31 10:12:25,243 - log/2018-07-31_train.log - INFO - train image shape: (55000, 784)
2018-07-31 10:12:25,243 - log/2018-07-31_train.log - INFO - train labels shape: (55000, 10)
2018-07-31 10:12:25,244 - log/2018-07-31_train.log - INFO - loading pre-trained model from model/points-4000.ckpt....
2018-07-31 10:12:25,777 - log/2018-07-31_train.log - INFO - step 4000, training accuracy 0.98, loss 0.0565
